#
# There is insufficient memory for the Java Runtime Environment to continue.
# Native memory allocation (malloc) failed to allocate 1110608 bytes for Chunk::new
# Possible reasons:
#   The system is out of physical RAM or swap space
#   In 32 bit mode, the process size limit was hit
# Possible solutions:
#   Reduce memory load on the system
#   Increase physical memory or swap space
#   Check if swap backing store is full
#   Use 64 bit Java on a 64 bit OS
#   Decrease Java heap size (-Xmx/-Xms)
#   Decrease number of Java threads
#   Decrease Java thread stack sizes (-Xss)
#   Set larger code cache with -XX:ReservedCodeCacheSize=
# This output file may be truncated or incomplete.
#
#  Out of Memory Error (allocation.cpp:390), pid=3260, tid=0x0000000000000bd4
#
# JRE version: OpenJDK Runtime Environment (8.0_152-b01) (build 1.8.0_152-release-1248-b01)
# Java VM: OpenJDK 64-Bit Server VM (25.152-b01 mixed mode windows-amd64 compressed oops)
# Failed to write core dump. Minidumps are not enabled by default on client versions of Windows
#

---------------  T H R E A D  ---------------

Current thread (0x000000001627d000):  JavaThread "C2 CompilerThread0" daemon [_thread_in_native, id=3028, stack(0x00000000178f0000,0x00000000179f0000)]

Stack: [0x00000000178f0000,0x00000000179f0000]
[error occurred during error reporting (printing stack bounds), id 0xc0000005]

Native frames: (J=compiled Java code, j=interpreted, Vv=VM code, C=native code)


Current CompileTask:
C2: 289685 14354       4       org.objectweb.asm.ClassReader::accept (1253 bytes)


---------------  P R O C E S S  ---------------

Java Threads: ( => current thread )
  0x000000001f578800 JavaThread "stdout" daemon [_thread_in_native, id=15412, stack(0x00000000275f0000,0x00000000276f0000)]
  0x000000001f57c800 JavaThread "stderr" daemon [_thread_in_native, id=13812, stack(0x00000000274f0000,0x00000000275f0000)]
  0x000000001f578000 JavaThread "stdout" daemon [_thread_in_native, id=11224, stack(0x00000000273f0000,0x00000000274f0000)]
  0x000000001f57b800 JavaThread "stderr" daemon [_thread_in_native, id=13708, stack(0x00000000272f0000,0x00000000273f0000)]
  0x000000001f579800 JavaThread "stdout" daemon [_thread_in_native, id=9012, stack(0x00000000271f0000,0x00000000272f0000)]
  0x000000001f57b000 JavaThread "stderr" daemon [_thread_in_native, id=16696, stack(0x00000000270f0000,0x00000000271f0000)]
  0x000000001d3a6000 JavaThread "pool-5-thread-1" [_thread_blocked, id=3380, stack(0x0000000026ff0000,0x00000000270f0000)]
  0x000000001d3a4000 JavaThread "MarlinRenderer Disposer" daemon [_thread_blocked, id=8444, stack(0x0000000026ef0000,0x0000000026ff0000)]
  0x000000001d3a7000 JavaThread "Java2D Disposer" daemon [_thread_blocked, id=8332, stack(0x0000000026df0000,0x0000000026ef0000)]
  0x000000001d3a2800 JavaThread "Cache worker for Build Output Cleanup Cache (C:\Users\rainer.telesko\Google Drive\StudioProjects\MyAwesomeQuiz\.gradle\buildOutputCleanup)" [_thread_blocked, id=9172, stack(0x00000000267f0000,0x00000000268f0000)]
  0x000000001d3a0000 JavaThread "Cache worker for task history cache (C:\Users\rainer.telesko\Google Drive\StudioProjects\MyAwesomeQuiz\.gradle\4.10.1\taskHistory)" [_thread_blocked, id=1140, stack(0x00000000266f0000,0x00000000267f0000)]
  0x000000001d39f800 JavaThread "Task worker for ':' Thread 3" [_thread_blocked, id=19164, stack(0x00000000265f0000,0x00000000266f0000)]
  0x000000001d39d800 JavaThread "Task worker for ':' Thread 2" [_thread_in_native, id=4656, stack(0x00000000264f0000,0x00000000265f0000)]
  0x000000001d39a800 JavaThread "Task worker for ':'" [_thread_blocked, id=6372, stack(0x00000000263f0000,0x00000000264f0000)]
  0x000000001d3a1800 JavaThread "Cache worker for file content cache (C:\Users\rainer.telesko\Google Drive\StudioProjects\MyAwesomeQuiz\.gradle\4.10.1\fileContent)" [_thread_blocked, id=2416, stack(0x00000000262f0000,0x00000000263f0000)]
  0x000000001d39a000 JavaThread "Cache worker for file content cache (C:\Users\rainer.telesko\.gradle\caches\4.10.1\fileContent)" [_thread_blocked, id=6688, stack(0x00000000261f0000,0x00000000262f0000)]
  0x000000001d39c000 JavaThread "pool-4-thread-1" [_thread_blocked, id=9428, stack(0x00000000260f0000,0x00000000261f0000)]
  0x000000001d39e800 JavaThread "Build operations Thread 4" [_thread_blocked, id=5696, stack(0x0000000025ff0000,0x00000000260f0000)]
  0x000000001d3a1000 JavaThread "Build operations Thread 3" [_thread_blocked, id=12156, stack(0x0000000025ef0000,0x0000000025ff0000)]
  0x00000000188cb000 JavaThread "Build operations Thread 2" [_thread_blocked, id=14748, stack(0x0000000025df0000,0x0000000025ef0000)]
  0x00000000188c8000 JavaThread "Build operations" [_thread_blocked, id=2544, stack(0x0000000025cf0000,0x0000000025df0000)]
  0x000000001a844800 JavaThread "Cache worker for cache directory md-rule (C:\Users\rainer.telesko\.gradle\caches\4.10.1\md-rule)" [_thread_blocked, id=20312, stack(0x0000000025bf0000,0x0000000025cf0000)]
  0x000000001a845800 JavaThread "Cache worker for cache directory md-supplier (C:\Users\rainer.telesko\.gradle\caches\4.10.1\md-supplier)" [_thread_blocked, id=9644, stack(0x0000000025af0000,0x0000000025bf0000)]
  0x000000001a843000 JavaThread "Cache worker for file hash cache (C:\Users\rainer.telesko\Google Drive\StudioProjects\MyAwesomeQuiz\.gradle\4.10.1\fileHashes)" [_thread_blocked, id=3824, stack(0x00000000259f0000,0x0000000025af0000)]
  0x000000001a83b000 JavaThread "Stdin handler" [_thread_blocked, id=5792, stack(0x00000000258f0000,0x00000000259f0000)]
  0x000000001a83a000 JavaThread "Asynchronous log dispatcher for DefaultDaemonConnection: socket connection from /127.0.0.1:51347 to /127.0.0.1:51440" [_thread_blocked, id=9128, stack(0x00000000257f0000,0x00000000258f0000)]
  0x000000001a838000 JavaThread "Daemon worker Thread 2" [_thread_blocked, id=19972, stack(0x00000000256f0000,0x00000000257f0000)]
  0x000000001a837000 JavaThread "Cancel handler" [_thread_blocked, id=12104, stack(0x00000000255f0000,0x00000000256f0000)]
  0x000000001a839800 JavaThread "Handler for socket connection from /127.0.0.1:51347 to /127.0.0.1:51440" [_thread_in_native, id=8580, stack(0x00000000254f0000,0x00000000255f0000)]
  0x000000001a83e000 JavaThread "Daemon Thread 2" [_thread_blocked, id=10960, stack(0x00000000253f0000,0x00000000254f0000)]
  0x000000001a844000 JavaThread "Memory manager" [_thread_blocked, id=18028, stack(0x00000000239f0000,0x0000000023af0000)]
  0x00000000188ce800 JavaThread "Cache worker for Artifact transforms cache (C:\Users\rainer.telesko\.gradle\caches\transforms-1)" [_thread_blocked, id=1172, stack(0x000000001fe40000,0x000000001ff40000)]
  0x00000000188cc800 JavaThread "Cache worker for journal cache (C:\Users\rainer.telesko\.gradle\caches\journal-1)" [_thread_blocked, id=8892, stack(0x000000001cf20000,0x000000001d020000)]
  0x0000000019b00800 JavaThread "File lock request listener" [_thread_in_native, id=13108, stack(0x000000001bd50000,0x000000001be50000)]
  0x0000000019bc0000 JavaThread "Cache worker for file hash cache (C:\Users\rainer.telesko\.gradle\caches\4.10.1\fileHashes)" [_thread_blocked, id=5596, stack(0x000000001bc50000,0x000000001bd50000)]
  0x0000000018206800 JavaThread "Daemon periodic checks" [_thread_blocked, id=5952, stack(0x000000001b150000,0x000000001b250000)]
  0x0000000018205800 JavaThread "Incoming local TCP Connector on port 51347" [_thread_in_native, id=12648, stack(0x00000000199c0000,0x0000000019ac0000)]
  0x0000000017c10800 JavaThread "Service Thread" daemon [_thread_blocked, id=16320, stack(0x0000000017ff0000,0x00000000180f0000)]
  0x0000000016289800 JavaThread "C1 CompilerThread2" daemon [_thread_blocked, id=10452, stack(0x0000000017af0000,0x0000000017bf0000)]
  0x0000000016280000 JavaThread "C2 CompilerThread1" daemon [_thread_in_native, id=16416, stack(0x00000000179f0000,0x0000000017af0000)]
=>0x000000001627d000 JavaThread "C2 CompilerThread0" daemon [_thread_in_native, id=3028, stack(0x00000000178f0000,0x00000000179f0000)]
  0x000000001627b800 JavaThread "Attach Listener" daemon [_thread_blocked, id=13828, stack(0x00000000177f0000,0x00000000178f0000)]
  0x000000001627a800 JavaThread "Signal Dispatcher" daemon [_thread_blocked, id=12508, stack(0x00000000176f0000,0x00000000177f0000)]
  0x000000000290c000 JavaThread "Finalizer" daemon [_thread_blocked, id=3044, stack(0x00000000174d0000,0x00000000175d0000)]
  0x0000000002901000 JavaThread "Reference Handler" daemon [_thread_blocked, id=11992, stack(0x00000000173d0000,0x00000000174d0000)]
  0x0000000002812800 JavaThread "main" [_thread_blocked, id=11428, stack(0x0000000002710000,0x0000000002810000)]

Other Threads:
  0x0000000016247800 VMThread [stack: 0x00000000172d0000,0x00000000173d0000] [id=3964]
  0x0000000017c11000 WatcherThread [stack: 0x00000000180f0000,0x00000000181f0000] [id=14216]

VM state:not at safepoint (normal execution)

VM Mutex/Monitor currently owned by a thread: None

Heap:
 PSYoungGen      total 299520K, used 99102K [0x00000000e0000000, 0x00000000f4800000, 0x0000000100000000)
  eden space 265216K, 29% used [0x00000000e0000000,0x00000000e4bd6ee8,0x00000000f0300000)
  from space 34304K, 62% used [0x00000000f2580000,0x00000000f3a70a10,0x00000000f4700000)
  to   space 35328K, 0% used [0x00000000f0300000,0x00000000f0300000,0x00000000f2580000)
 ParOldGen       total 125952K, used 50635K [0x00000000a0000000, 0x00000000a7b00000, 0x00000000e0000000)
  object space 125952K, 40% used [0x00000000a0000000,0x00000000a3172fb0,0x00000000a7b00000)
 Metaspace       used 80760K, capacity 83346K, committed 83584K, reserved 1122304K
  class space    used 10247K, capacity 10880K, committed 10880K, reserved 1048576K

Card table byte_map: [0x0000000011cd0000,0x0000000011fe0000] byte_map_base: 0x00000000117d0000

Marking Bits: (ParMarkBitMap*) 0x0000000057ce5aa0
 Begin Bits: [0x00000000125e0000, 0x0000000013de0000)
 End Bits:   [0x0000000013de0000, 0x00000000155e0000)

Polling page: 0x0000000000810000

CodeCache: size=245760Kb used=41675Kb max_used=41940Kb free=204084Kb
 bounds [0x0000000002910000, 0x0000000005260000, 0x0000000011910000]
 total_blobs=12856 nmethods=11874 adapters=894
 compilation: enabled

Compilation events (10 events):
Event: 287.358 Thread 0x0000000016289800 14367       3       org.objectweb.asm.AnnotationWriter::visitEnum (63 bytes)
Event: 287.358 Thread 0x0000000016289800 nmethod 14367 0x000000000354a290 code [0x000000000354a440, 0x000000000354a9b8]
Event: 287.431 Thread 0x0000000016289800 14368       3       sun.nio.fs.WindowsSecurityDescriptor::release (75 bytes)
Event: 287.432 Thread 0x0000000016289800 nmethod 14368 0x00000000030fa290 code [0x00000000030fa480, 0x00000000030facd8]
Event: 287.463 Thread 0x0000000016289800 14370       3       org.gradle.api.internal.tasks.compile.SortingAnnotationVisitor::visitArray (24 bytes)
Event: 287.463 Thread 0x0000000016289800 nmethod 14370 0x00000000036f4750 code [0x00000000036f4920, 0x00000000036f4fd8]
Event: 287.463 Thread 0x0000000016289800 14371       3       org.objectweb.asm.AnnotationVisitor::visitArray (18 bytes)
Event: 287.463 Thread 0x0000000016289800 nmethod 14371 0x0000000004daea10 code [0x0000000004daeb80, 0x0000000004daede8]
Event: 287.477 Thread 0x0000000016280000 nmethod 14360 0x0000000004cdbb90 code [0x0000000004cdc100, 0x0000000004cdf608]
Event: 287.477 Thread 0x0000000016280000 14369       4       org.objectweb.asm.ClassReader::readMethod (1040 bytes)

GC Heap History (10 events):
Event: 44.678 GC heap before
{Heap before GC invocations=19 (full 3):
 PSYoungGen      total 235008K, used 15757K [0x00000000e0000000, 0x00000000efe00000, 0x0000000100000000)
  eden space 218112K, 0% used [0x00000000e0000000,0x00000000e0000000,0x00000000ed500000)
  from space 16896K, 93% used [0x00000000ee780000,0x00000000ef6e3650,0x00000000ef800000)
  to   space 18944K, 0% used [0x00000000ed500000,0x00000000ed500000,0x00000000ee780000)
 ParOldGen       total 83456K, used 29174K [0x00000000a0000000, 0x00000000a5180000, 0x00000000e0000000)
  object space 83456K, 34% used [0x00000000a0000000,0x00000000a1c7d8d0,0x00000000a5180000)
 Metaspace       used 57787K, capacity 59036K, committed 59096K, reserved 1101824K
  class space    used 7464K, capacity 7798K, committed 7808K, reserved 1048576K
Event: 44.969 GC heap after
Heap after GC invocations=19 (full 3):
 PSYoungGen      total 235008K, used 0K [0x00000000e0000000, 0x00000000efe00000, 0x0000000100000000)
  eden space 218112K, 0% used [0x00000000e0000000,0x00000000e0000000,0x00000000ed500000)
  from space 16896K, 0% used [0x00000000ee780000,0x00000000ee780000,0x00000000ef800000)
  to   space 18944K, 0% used [0x00000000ed500000,0x00000000ed500000,0x00000000ee780000)
 ParOldGen       total 125952K, used 33699K [0x00000000a0000000, 0x00000000a7b00000, 0x00000000e0000000)
  object space 125952K, 26% used [0x00000000a0000000,0x00000000a20e8f30,0x00000000a7b00000)
 Metaspace       used 57747K, capacity 58924K, committed 59096K, reserved 1101824K
  class space    used 7452K, capacity 7783K, committed 7808K, reserved 1048576K
}
Event: 59.790 GC heap before
{Heap before GC invocations=20 (full 3):
 PSYoungGen      total 235008K, used 218112K [0x00000000e0000000, 0x00000000efe00000, 0x0000000100000000)
  eden space 218112K, 100% used [0x00000000e0000000,0x00000000ed500000,0x00000000ed500000)
  from space 16896K, 0% used [0x00000000ee780000,0x00000000ee780000,0x00000000ef800000)
  to   space 18944K, 0% used [0x00000000ed500000,0x00000000ed500000,0x00000000ee780000)
 ParOldGen       total 125952K, used 33707K [0x00000000a0000000, 0x00000000a7b00000, 0x00000000e0000000)
  object space 125952K, 26% used [0x00000000a0000000,0x00000000a20eaf40,0x00000000a7b00000)
 Metaspace       used 67950K, capacity 69942K, committed 70272K, reserved 1110016K
  class space    used 9018K, capacity 9506K, committed 9600K, reserved 1048576K
Event: 59.825 GC heap after
Heap after GC invocations=20 (full 3):
 PSYoungGen      total 237056K, used 18252K [0x00000000e0000000, 0x00000000f1f80000, 0x0000000100000000)
  eden space 218112K, 0% used [0x00000000e0000000,0x00000000e0000000,0x00000000ed500000)
  from space 18944K, 96% used [0x00000000ed500000,0x00000000ee6d3198,0x00000000ee780000)
  to   space 22016K, 0% used [0x00000000f0a00000,0x00000000f0a00000,0x00000000f1f80000)
 ParOldGen       total 125952K, used 33715K [0x00000000a0000000, 0x00000000a7b00000, 0x00000000e0000000)
  object space 125952K, 26% used [0x00000000a0000000,0x00000000a20ecf40,0x00000000a7b00000)
 Metaspace       used 67950K, capacity 69942K, committed 70272K, reserved 1110016K
  class space    used 9018K, capacity 9506K, committed 9600K, reserved 1048576K
}
Event: 82.051 GC heap before
{Heap before GC invocations=21 (full 3):
 PSYoungGen      total 237056K, used 236364K [0x00000000e0000000, 0x00000000f1f80000, 0x0000000100000000)
  eden space 218112K, 100% used [0x00000000e0000000,0x00000000ed500000,0x00000000ed500000)
  from space 18944K, 96% used [0x00000000ed500000,0x00000000ee6d3198,0x00000000ee780000)
  to   space 22016K, 0% used [0x00000000f0a00000,0x00000000f0a00000,0x00000000f1f80000)
 ParOldGen       total 125952K, used 33718K [0x00000000a0000000, 0x00000000a7b00000, 0x00000000e0000000)
  object space 125952K, 26% used [0x00000000a0000000,0x00000000a20eda88,0x00000000a7b00000)
 Metaspace       used 69554K, capacity 71514K, committed 71680K, reserved 1112064K
  class space    used 9125K, capacity 9634K, committed 9728K, reserved 1048576K
Event: 82.132 GC heap after
Heap after GC invocations=21 (full 3):
 PSYoungGen      total 262656K, used 22006K [0x00000000e0000000, 0x00000000f2f00000, 0x0000000100000000)
  eden space 240640K, 0% used [0x00000000e0000000,0x00000000e0000000,0x00000000eeb00000)
  from space 22016K, 99% used [0x00000000f0a00000,0x00000000f1f7d9d0,0x00000000f1f80000)
  to   space 31744K, 0% used [0x00000000eeb00000,0x00000000eeb00000,0x00000000f0a00000)
 ParOldGen       total 125952K, used 50619K [0x00000000a0000000, 0x00000000a7b00000, 0x00000000e0000000)
  object space 125952K, 40% used [0x00000000a0000000,0x00000000a316efb0,0x00000000a7b00000)
 Metaspace       used 69554K, capacity 71514K, committed 71680K, reserved 1112064K
  class space    used 9125K, capacity 9634K, committed 9728K, reserved 1048576K
}
Event: 261.990 GC heap before
{Heap before GC invocations=22 (full 3):
 PSYoungGen      total 262656K, used 262646K [0x00000000e0000000, 0x00000000f2f00000, 0x0000000100000000)
  eden space 240640K, 100% used [0x00000000e0000000,0x00000000eeb00000,0x00000000eeb00000)
  from space 22016K, 99% used [0x00000000f0a00000,0x00000000f1f7d9d0,0x00000000f1f80000)
  to   space 31744K, 0% used [0x00000000eeb00000,0x00000000eeb00000,0x00000000f0a00000)
 ParOldGen       total 125952K, used 50619K [0x00000000a0000000, 0x00000000a7b00000, 0x00000000e0000000)
  object space 125952K, 40% used [0x00000000a0000000,0x00000000a316efb0,0x00000000a7b00000)
 Metaspace       used 75463K, capacity 77976K, committed 78208K, reserved 1118208K
  class space    used 9714K, capacity 10363K, committed 10368K, reserved 1048576K
Event: 262.022 GC heap after
Heap after GC invocations=22 (full 3):
 PSYoungGen      total 272384K, used 23815K [0x00000000e0000000, 0x00000000f4700000, 0x0000000100000000)
  eden space 240640K, 0% used [0x00000000e0000000,0x00000000e0000000,0x00000000eeb00000)
  from space 31744K, 75% used [0x00000000eeb00000,0x00000000f0241d08,0x00000000f0a00000)
  to   space 34304K, 0% used [0x00000000f2580000,0x00000000f2580000,0x00000000f4700000)
 ParOldGen       total 125952K, used 50627K [0x00000000a0000000, 0x00000000a7b00000, 0x00000000e0000000)
  object space 125952K, 40% used [0x00000000a0000000,0x00000000a3170fb0,0x00000000a7b00000)
 Metaspace       used 75463K, capacity 77976K, committed 78208K, reserved 1118208K
  class space    used 9714K, capacity 10363K, committed 10368K, reserved 1048576K
}
Event: 285.271 GC heap before
{Heap before GC invocations=23 (full 3):
 PSYoungGen      total 272384K, used 264455K [0x00000000e0000000, 0x00000000f4700000, 0x0000000100000000)
  eden space 240640K, 100% used [0x00000000e0000000,0x00000000eeb00000,0x00000000eeb00000)
  from space 31744K, 75% used [0x00000000eeb00000,0x00000000f0241d08,0x00000000f0a00000)
  to   space 34304K, 0% used [0x00000000f2580000,0x00000000f2580000,0x00000000f4700000)
 ParOldGen       total 125952K, used 50627K [0x00000000a0000000, 0x00000000a7b00000, 0x00000000e0000000)
  object space 125952K, 40% used [0x00000000a0000000,0x00000000a3170fb0,0x00000000a7b00000)
 Metaspace       used 80749K, capacity 83282K, committed 83584K, reserved 1122304K
  class space    used 10247K, capacity 10880K, committed 10880K, reserved 1048576K
Event: 286.416 GC heap after
Heap after GC invocations=23 (full 3):
 PSYoungGen      total 299520K, used 21442K [0x00000000e0000000, 0x00000000f4800000, 0x0000000100000000)
  eden space 265216K, 0% used [0x00000000e0000000,0x00000000e0000000,0x00000000f0300000)
  from space 34304K, 62% used [0x00000000f2580000,0x00000000f3a70a10,0x00000000f4700000)
  to   space 35328K, 0% used [0x00000000f0300000,0x00000000f0300000,0x00000000f2580000)
 ParOldGen       total 125952K, used 50635K [0x00000000a0000000, 0x00000000a7b00000, 0x00000000e0000000)
  object space 125952K, 40% used [0x00000000a0000000,0x00000000a3172fb0,0x00000000a7b00000)
 Metaspace       used 80749K, capacity 83282K, committed 83584K, reserved 1122304K
  class space    used 10247K, capacity 10880K, committed 10880K, reserved 1048576K
}

Deoptimization events (10 events):
Event: 284.734 Thread 0x000000001d39d800 Uncommon trap: reason=unstable_if action=reinterpret pc=0x0000000004ba22c4 method=org.objectweb.asm.MethodWriter.<init>(Lorg/objectweb/asm/SymbolTable;ILjava/lang/String;Ljava/lang/String;Ljava/lang/String;[Ljava/lang/String;I)V @ 95
Event: 285.252 Thread 0x000000001d39d800 Uncommon trap: reason=unstable_if action=reinterpret pc=0x0000000002df7660 method=org.objectweb.asm.MethodWriter.endCurrentBasicBlockWithNoSuccessor()V @ 73
Event: 285.252 Thread 0x000000001d39d800 Uncommon trap: reason=unstable_if action=reinterpret pc=0x0000000002e95d64 method=org.objectweb.asm.MethodWriter.visitMaxs(II)V @ 20
Event: 286.610 Thread 0x000000001d39d800 Uncommon trap: reason=unstable_if action=reinterpret pc=0x0000000003bebd4c method=java.util.zip.ZipInputStream.closeEntry()V @ 19
Event: 286.696 Thread 0x000000001d39d800 Uncommon trap: reason=unstable_if action=reinterpret pc=0x0000000003ee8f6c method=org.objectweb.asm.ByteVector.putInt(I)Lorg/objectweb/asm/ByteVector; @ 13
Event: 286.779 Thread 0x000000001d39d800 Uncommon trap: reason=unstable_if action=reinterpret pc=0x0000000003db9cdc method=org.objectweb.asm.ClassReader.readUTF(II[C)Ljava/lang/String; @ 41
Event: 286.781 Thread 0x000000001d39d800 Uncommon trap: reason=unstable_if action=reinterpret pc=0x00000000035de174 method=org.objectweb.asm.ClassReader.readUTF(II[C)Ljava/lang/String; @ 41
Event: 286.960 Thread 0x000000001d39d800 Uncommon trap: reason=unstable_if action=reinterpret pc=0x0000000004c5f4fc method=org.objectweb.asm.Type.getArgumentsAndReturnSizes(Ljava/lang/String;)I @ 121
Event: 286.965 Thread 0x000000001d39d800 Uncommon trap: reason=unstable_if action=reinterpret pc=0x00000000040834a0 method=org.objectweb.asm.ClassReader.readMethod(Lorg/objectweb/asm/ClassVisitor;Lorg/objectweb/asm/Context;I)I @ 396
Event: 287.144 Thread 0x000000001d39d800 Uncommon trap: reason=unstable_if action=reinterpret pc=0x0000000004dc7dbc method=org.objectweb.asm.Type.getArgumentsAndReturnSizes(Ljava/lang/String;)I @ 121

Classes redefined (0 events):
No events

Internal exceptions (10 events):
Event: 275.068 Thread 0x00000000188cb000 Exception <a 'sun/nio/fs/WindowsException'> (0x00000000ec3677c0) thrown at [D:\src\AOSP-openjdk-cygwin\jdk8u\hotspot\src\share\vm\prims\jni.cpp, line 709]
Event: 275.068 Thread 0x000000001d3a1000 Exception <a 'sun/nio/fs/WindowsException'> (0x00000000ec49e750) thrown at [D:\src\AOSP-openjdk-cygwin\jdk8u\hotspot\src\share\vm\prims\jni.cpp, line 709]
Event: 275.086 Thread 0x00000000188c8000 Exception <a 'sun/nio/fs/WindowsException'> (0x00000000ec4ef758) thrown at [D:\src\AOSP-openjdk-cygwin\jdk8u\hotspot\src\share\vm\prims\jni.cpp, line 709]
Event: 275.140 Thread 0x00000000188cb000 Exception <a 'sun/nio/fs/WindowsException'> (0x00000000ec5a1518) thrown at [D:\src\AOSP-openjdk-cygwin\jdk8u\hotspot\src\share\vm\prims\jni.cpp, line 709]
Event: 275.149 Thread 0x00000000188cb000 Exception <a 'sun/nio/fs/WindowsException'> (0x00000000ec64ce60) thrown at [D:\src\AOSP-openjdk-cygwin\jdk8u\hotspot\src\share\vm\prims\jni.cpp, line 709]
Event: 275.157 Thread 0x000000001d3a1000 Exception <a 'sun/nio/fs/WindowsException'> (0x00000000ec5c0aa0) thrown at [D:\src\AOSP-openjdk-cygwin\jdk8u\hotspot\src\share\vm\prims\jni.cpp, line 709]
Event: 275.158 Thread 0x00000000188c8000 Exception <a 'sun/nio/fs/WindowsException'> (0x00000000ec616908) thrown at [D:\src\AOSP-openjdk-cygwin\jdk8u\hotspot\src\share\vm\prims\jni.cpp, line 709]
Event: 275.183 Thread 0x000000001d39e800 Exception <a 'sun/nio/fs/WindowsException'> (0x00000000e1bcc738) thrown at [D:\src\AOSP-openjdk-cygwin\jdk8u\hotspot\src\share\vm\prims\jni.cpp, line 709]
Event: 275.211 Thread 0x000000001d39d800 Exception <a 'sun/nio/fs/WindowsException'> (0x00000000ec539280) thrown at [D:\src\AOSP-openjdk-cygwin\jdk8u\hotspot\src\share\vm\prims\jni.cpp, line 709]
Event: 283.679 Thread 0x000000001d39d800 Exception <a 'java/lang/NoSuchMethodError': java.lang.Object.lambda$comparingInt$7b0bb60$1(Ljava/util/function/ToIntFunction;Ljava/lang/Object;Ljava/lang/Object;)I> (0x00000000ec9bbd98) thrown at [D:\src\AOSP-openjdk-cygwin\jdk8u\hotspot\src\share\vm\inte

Events (10 events):
Event: 286.781 Thread 0x000000001d39d800 DEOPT UNPACKING pc=0x000000000295557b sp=0x00000000265ed348 mode 2
Event: 286.960 Thread 0x000000001d39d800 Uncommon trap: trap_request=0xffffff65 fr.pc=0x0000000004c5f4fc
Event: 286.960 Thread 0x000000001d39d800 DEOPT PACKING pc=0x0000000004c5f4fc sp=0x00000000265ed560
Event: 286.960 Thread 0x000000001d39d800 DEOPT UNPACKING pc=0x000000000295557b sp=0x00000000265ed388 mode 2
Event: 286.965 Thread 0x000000001d39d800 Uncommon trap: trap_request=0xffffff65 fr.pc=0x00000000040834a0
Event: 286.965 Thread 0x000000001d39d800 DEOPT PACKING pc=0x00000000040834a0 sp=0x00000000265ed640
Event: 286.965 Thread 0x000000001d39d800 DEOPT UNPACKING pc=0x000000000295557b sp=0x00000000265ed5d0 mode 2
Event: 287.144 Thread 0x000000001d39d800 Uncommon trap: trap_request=0xffffff65 fr.pc=0x0000000004dc7dbc
Event: 287.144 Thread 0x000000001d39d800 DEOPT PACKING pc=0x0000000004dc7dbc sp=0x00000000265ed420
Event: 287.144 Thread 0x000000001d39d800 DEOPT UNPACKING pc=0x000000000295557b sp=0x00000000265ed3a8 mode 2


Dynamic libraries:
0x00007ff69fcf0000 - 0x00007ff69fd21000 	C:\Program Files\Android\Android Studio\jre\bin\java.exe
0x00007ffef06c0000 - 0x00007ffef08a1000 	C:\WINDOWS\SYSTEM32\ntdll.dll
0x00007ffeefec0000 - 0x00007ffeeff72000 	C:\WINDOWS\System32\KERNEL32.DLL
0x00007ffeed8d0000 - 0x00007ffeedb43000 	C:\WINDOWS\System32\KERNELBASE.dll
0x00007ffeefb40000 - 0x00007ffeefbe1000 	C:\WINDOWS\System32\ADVAPI32.dll
0x00007ffeefcb0000 - 0x00007ffeefd4e000 	C:\WINDOWS\System32\msvcrt.dll
0x00007ffeefbf0000 - 0x00007ffeefc4b000 	C:\WINDOWS\System32\sechost.dll
0x00007ffeeff80000 - 0x00007ffef00a4000 	C:\WINDOWS\System32\RPCRT4.dll
0x00007ffeedb50000 - 0x00007ffeedce0000 	C:\WINDOWS\System32\USER32.dll
0x00007ffeed450000 - 0x00007ffeed470000 	C:\WINDOWS\System32\win32u.dll
0x00007ffeefd50000 - 0x00007ffeefd78000 	C:\WINDOWS\System32\GDI32.dll
0x00007ffeed470000 - 0x00007ffeed602000 	C:\WINDOWS\System32\gdi32full.dll
0x00007ffeed350000 - 0x00007ffeed3ef000 	C:\WINDOWS\System32\msvcp_win.dll
0x00007ffeed1a0000 - 0x00007ffeed29a000 	C:\WINDOWS\System32\ucrtbase.dll
0x00007ffee2db0000 - 0x00007ffee3019000 	C:\WINDOWS\WinSxS\amd64_microsoft.windows.common-controls_6595b64144ccf1df_6.0.17134.471_none_fb3e9aab3068fc16\COMCTL32.dll
0x00007ffef0340000 - 0x00007ffef0662000 	C:\WINDOWS\System32\combase.dll
0x00007ffeed800000 - 0x00007ffeed87a000 	C:\WINDOWS\System32\bcryptPrimitives.dll
0x00007ffef01d0000 - 0x00007ffef01fd000 	C:\WINDOWS\System32\IMM32.DLL
0x0000000057440000 - 0x0000000057512000 	C:\Program Files\Android\Android Studio\jre\jre\bin\msvcr100.dll
0x0000000057520000 - 0x0000000057d61000 	C:\Program Files\Android\Android Studio\jre\jre\bin\server\jvm.dll
0x00007ffef0670000 - 0x00007ffef0678000 	C:\WINDOWS\System32\PSAPI.DLL
0x00007ffedd750000 - 0x00007ffedd759000 	C:\WINDOWS\SYSTEM32\WSOCK32.dll
0x00007ffee58c0000 - 0x00007ffee58e3000 	C:\WINDOWS\SYSTEM32\WINMM.dll
0x00007ffee7b00000 - 0x00007ffee7b0a000 	C:\WINDOWS\SYSTEM32\VERSION.dll
0x00007ffeefe50000 - 0x00007ffeefebc000 	C:\WINDOWS\System32\WS2_32.dll
0x00007ffee5890000 - 0x00007ffee58ba000 	C:\WINDOWS\SYSTEM32\WINMMBASE.dll
0x00007ffeed880000 - 0x00007ffeed8c9000 	C:\WINDOWS\System32\cfgmgr32.dll
0x00007ffee7810000 - 0x00007ffee781f000 	C:\Program Files\Android\Android Studio\jre\jre\bin\verify.dll
0x00007ffee3160000 - 0x00007ffee3189000 	C:\Program Files\Android\Android Studio\jre\jre\bin\java.dll
0x00007ffee52a0000 - 0x00007ffee52b6000 	C:\Program Files\Android\Android Studio\jre\jre\bin\zip.dll
0x00007ffeee610000 - 0x00007ffeefa50000 	C:\WINDOWS\System32\SHELL32.dll
0x00007ffef00c0000 - 0x00007ffef0169000 	C:\WINDOWS\System32\shcore.dll
0x00007ffeeca90000 - 0x00007ffeed19d000 	C:\WINDOWS\System32\windows.storage.dll
0x00007ffef0170000 - 0x00007ffef01c1000 	C:\WINDOWS\System32\shlwapi.dll
0x00007ffeeca40000 - 0x00007ffeeca51000 	C:\WINDOWS\System32\kernel.appcore.dll
0x00007ffeeca20000 - 0x00007ffeeca3f000 	C:\WINDOWS\System32\profapi.dll
0x00007ffeec9d0000 - 0x00007ffeeca1c000 	C:\WINDOWS\System32\powrprof.dll
0x00007ffeeca60000 - 0x00007ffeeca6a000 	C:\WINDOWS\System32\FLTLIB.DLL
0x00007ffee50a0000 - 0x00007ffee50ba000 	C:\Program Files\Android\Android Studio\jre\jre\bin\net.dll
0x00007ffeec250000 - 0x00007ffeec2b6000 	C:\WINDOWS\system32\mswsock.dll
0x00007ffee1810000 - 0x00007ffee1821000 	C:\Program Files\Android\Android Studio\jre\jre\bin\nio.dll
0x00007ffee17f0000 - 0x00007ffee180e000 	C:\Users\rainer.telesko\.gradle\native\25\windows-amd64\native-platform.dll
0x00007ffee7800000 - 0x00007ffee780d000 	C:\Program Files\Android\Android Studio\jre\jre\bin\management.dll
0x00007ffeec400000 - 0x00007ffeec417000 	C:\WINDOWS\SYSTEM32\CRYPTSP.dll
0x00007ffeebe30000 - 0x00007ffeebe63000 	C:\WINDOWS\system32\rsaenh.dll
0x00007ffeec530000 - 0x00007ffeec555000 	C:\WINDOWS\SYSTEM32\bcrypt.dll
0x00007ffeec8d0000 - 0x00007ffeec8f8000 	C:\WINDOWS\SYSTEM32\USERENV.dll
0x00007ffeec420000 - 0x00007ffeec42b000 	C:\WINDOWS\SYSTEM32\CRYPTBASE.dll
0x00007ffeebfd0000 - 0x00007ffeec008000 	C:\WINDOWS\SYSTEM32\IPHLPAPI.DLL
0x00007ffef0680000 - 0x00007ffef0688000 	C:\WINDOWS\System32\NSI.dll
0x00007ffee9650000 - 0x00007ffee9666000 	C:\WINDOWS\SYSTEM32\dhcpcsvc6.DLL
0x00007ffee9630000 - 0x00007ffee964a000 	C:\WINDOWS\SYSTEM32\dhcpcsvc.DLL
0x00007ffeddb10000 - 0x00007ffeddb34000 	C:\Program Files\Android\Android Studio\jre\jre\bin\sunec.dll
0x00007ffeec010000 - 0x00007ffeec0ce000 	C:\WINDOWS\SYSTEM32\DNSAPI.dll
0x00007ffee6840000 - 0x00007ffee684a000 	C:\Windows\System32\rasadhlp.dll
0x00007ffee9af0000 - 0x00007ffee9b62000 	C:\WINDOWS\System32\fwpuclnt.dll
0x00007ffee5240000 - 0x00007ffee524b000 	C:\Program Files\Android\Android Studio\jre\jre\bin\sunmscapi.dll
0x00007ffeed610000 - 0x00007ffeed7f2000 	C:\WINDOWS\System32\CRYPT32.dll
0x00007ffeeca70000 - 0x00007ffeeca82000 	C:\WINDOWS\System32\MSASN1.dll
0x00007ffec37d0000 - 0x00007ffec3967000 	C:\Program Files\Android\Android Studio\jre\jre\bin\awt.dll
0x00007ffeefd80000 - 0x00007ffeefe42000 	C:\WINDOWS\System32\OLEAUT32.dll
0x00007ffee1ce0000 - 0x00007ffee22a7000 	C:\WINDOWS\SYSTEM32\d2d1.dll
0x00007ffee2b20000 - 0x00007ffee2bab000 	C:\WINDOWS\SYSTEM32\apphelp.dll
0x00007ffeeb160000 - 0x00007ffeeb189000 	C:\WINDOWS\system32\DWMAPI.DLL
0x00007ffeeaf10000 - 0x00007ffeeafa8000 	C:\WINDOWS\system32\uxtheme.dll

VM Arguments:
jvm_args: -Xmx1536m -Dfile.encoding=windows-1252 -Duser.country=DE -Duser.language=de -Duser.variant 
java_command: org.gradle.launcher.daemon.bootstrap.GradleDaemon 4.10.1
java_class_path (initial): C:\Users\rainer.telesko\.gradle\wrapper\dists\gradle-4.10.1-all\455itskqi2qtf0v2sja68alqd\gradle-4.10.1\lib\gradle-launcher-4.10.1.jar
Launcher Type: SUN_STANDARD

Environment Variables:
JAVA_HOME=C:\Program Files\Java\jdk1.8.0_162
PATH=C:\Program Files (x86)\Common Files\Oracle\Java\javapath;C:\ProgramData\Oracle\Java\javapath;C:\Program Files (x86)\Intel\iCLS Client\;C:\Program Files\Intel\iCLS Client\;C:\WINDOWS\system32;C:\WINDOWS;C:\WINDOWS\System32\Wbem;C:\WINDOWS\System32\WindowsPowerShell\v1.0\;C:\Program Files (x86)\Sennheiser\SoftphoneSDK\;C:\Program Files (x86)\Intel\Intel(R) Management Engine Components\DAL;C:\Program Files\Intel\Intel(R) Management Engine Components\DAL;C:\Program Files (x86)\Intel\Intel(R) Management Engine Components\IPT;C:\Program Files\Intel\Intel(R) Management Engine Components\IPT;C:\Program Files (x86)\Microsoft SQL Server\Client SDK\ODBC\130\Tools\Binn\;C:\Program Files (x86)\Microsoft SQL Server\140\Tools\Binn\;C:\Program Files (x86)\Microsoft SQL Server\140\DTS\Binn\;C:\Program Files (x86)\Microsoft SQL Server\140\Tools\Binn\ManagementStudio\;C:\WINDOWS\System32\OpenSSH\;C:\Program Files (x86)\Skype\Phone\;C:\Users\rainer.telesko\AppData\Local\Microsoft\WindowsApps;C:\Users\rainer.telesko\AppData\Local\Programs\Git\cmd;C:\Users\rainer.telesko\AppData\Local\Programs\Microsoft VS Code\bin
USERNAME=rainer.telesko
OS=Windows_NT
PROCESSOR_IDENTIFIER=Intel64 Family 6 Model 61 Stepping 4, GenuineIntel



---------------  S Y S T E M  ---------------

OS: Windows 10.0 , 64 bit Build 17134 (10.0.17134.1)

CPU:total 4 (initial active 4) (2 cores per cpu, 2 threads per core) family 6 model 61 stepping 4, cmov, cx8, fxsr, mmx, sse, sse2, sse3, ssse3, sse4.1, sse4.2, popcnt, avx, avx2, aes, clmul, erms, rtm, 3dnowpref, lzcnt, ht, tsc, tscinvbit, bmi1, bmi2, adx

Memory: 4k page, physical 8277348k(245244k free), swap 10568172k(8468k free)

vm_info: OpenJDK 64-Bit Server VM (25.152-b01) for windows-amd64 JRE (1.8.0_152-release-1248-b01), built by "builder" with MS VC++ 10.0 (VS2010)

time: Fri Feb 22 09:57:08 2019
elapsed time: 289 seconds (0d 0h 4m 49s)

